\BOOKMARK [1][]{section.1}{1 Mechanics of Particles}{}% 1
\BOOKMARK [2][-]{subsection.1.1}{1.1 Kinematics \205 position, displacement, velocity, acceleration, vectors}{section.1}% 2
\BOOKMARK [3][-]{subsubsection.1.1.1}{1.1.1 Motion of point mass}{subsection.1.1}% 3
\BOOKMARK [3][-]{subsubsection.1.1.2}{1.1.2 Motion in 1-dimension}{subsection.1.1}% 4
\BOOKMARK [3][-]{subsubsection.1.1.3}{1.1.3 Motion in 2-dimension}{subsection.1.1}% 5
\BOOKMARK [3][-]{subsubsection.1.1.4}{1.1.4 Vector description of motion of a point mass}{subsection.1.1}% 6
\BOOKMARK [3][-]{subsubsection.1.1.5}{1.1.5 Relative velocity}{subsection.1.1}% 7
\BOOKMARK [3][-]{subsubsection.1.1.6}{1.1.6 Motion with constant acceleration \(e.g. free fall, projectile motion\) or with variable acceleration \(e.g. car on straight road\)}{subsection.1.1}% 8
\BOOKMARK [3][-]{subsubsection.1.1.7}{1.1.7 Motion in a circle \(involving centripetal acceleration\)}{subsection.1.1}% 9
\BOOKMARK [2][-]{subsection.1.2}{1.2 Dynamics \205 inertia, momentum, impulse, forces, energy}{section.1}% 10
\BOOKMARK [3][-]{subsubsection.1.2.1}{1.2.1 Newton\220s laws of motion/Application of Newton\220s laws}{subsection.1.2}% 11
\BOOKMARK [3][-]{subsubsection.1.2.2}{1.2.2 Motion affected by dissipative forces \(e.g. friction, fluid resistance\)}{subsection.1.2}% 12
\BOOKMARK [3][-]{subsubsection.1.2.3}{1.2.3 Elastic, friction, normal, gravity including Newton\220s law of gravitation, electric and magnetic}{subsection.1.2}% 13
\BOOKMARK [2][-]{subsection.1.3}{1.3 Conservation of energy, conversion of energy}{section.1}% 14
\BOOKMARK [3][-]{subsubsection.1.3.1}{1.3.1 Work Done, Power, Potential Energy \(PE\), Kinetic Energy \(KE\)}{subsection.1.3}% 15
\BOOKMARK [2][-]{subsection.1.4}{1.4 Impulse and Momentum / Conservation of Linear Momentum}{section.1}% 16
\BOOKMARK [3][-]{subsubsection.1.4.1}{1.4.1 Collisions/explosions}{subsection.1.4}% 17
\BOOKMARK [3][-]{subsubsection.1.4.2}{1.4.2 Coefficient of Restitution}{subsection.1.4}% 18
\BOOKMARK [3][-]{subsubsection.1.4.3}{1.4.3 External and internal forces for a system of particles, centre of mass}{subsection.1.4}% 19
\BOOKMARK [1][]{section.2}{2 Mechanics of Rigid Bodies}{}% 20
\BOOKMARK [2][-]{subsection.2.1}{2.1 Statics \205 equilibrium, stability}{section.2}% 21
\BOOKMARK [2][-]{subsection.2.2}{2.2 Kinematics \205 angular position, angular displacement, angular velocity, angular acceleration, vector products}{section.2}% 22
\BOOKMARK [3][-]{subsubsection.2.2.1}{2.2.1 Rotation with constant angular acceleration}{subsection.2.2}% 23
\BOOKMARK [3][-]{subsubsection.2.2.2}{2.2.2 Relationship between linear and angular quantities}{subsection.2.2}% 24
\BOOKMARK [2][-]{subsection.2.3}{2.3 Dynamics \205 moment of inertia, torque}{section.2}% 25
\BOOKMARK [3][-]{subsubsection.2.3.1}{2.3.1 Angular momentum}{subsection.2.3}% 26
\BOOKMARK [3][-]{subsubsection.2.3.2}{2.3.2 Rotational KE}{subsection.2.3}% 27
\BOOKMARK [1][]{section.3}{3 Fluid Mechanics}{}% 28
\BOOKMARK [2][-]{subsection.3.1}{3.1 Fluid statics \205 Density, pressure, buoyancy, surface tension}{section.3}% 29
\BOOKMARK [3][-]{subsubsection.3.1.1}{3.1.1 Pascal's law, Archimedes' principle}{subsection.3.1}% 30
\BOOKMARK [2][-]{subsection.3.2}{3.2 Fluid Dynamics}{section.3}% 31
\BOOKMARK [3][-]{subsubsection.3.2.1}{3.2.1 Bernoulli\220s principle}{subsection.3.2}% 32
\BOOKMARK [1][]{section.4}{4 Oscillations and Waves}{}% 33
\BOOKMARK [2][-]{subsection.4.1}{4.1 Simple Harmonic Motion}{section.4}% 34
\BOOKMARK [2][-]{subsection.4.2}{4.2 Mechanical, Electrical}{section.4}% 35
\BOOKMARK [3][-]{subsubsection.4.2.1}{4.2.1 Frequency, Period, Phase Difference}{subsection.4.2}% 36
\BOOKMARK [3][-]{subsubsection.4.2.2}{4.2.2 Qualitative understanding of damping and resonance}{subsection.4.2}% 37
\BOOKMARK [2][-]{subsection.4.3}{4.3 Waves: Mechanical \(Sound, String, Fluid\), Electromagnetic}{section.4}% 38
\BOOKMARK [3][-]{subsubsection.4.3.1}{4.3.1 Polarization, Malus\220 law}{subsection.4.3}% 39
\BOOKMARK [3][-]{subsubsection.4.3.2}{4.3.2 Principle of superposition}{subsection.4.3}% 40
\BOOKMARK [3][-]{subsubsection.4.3.3}{4.3.3 Standing waves, interference, diffraction, beats}{subsection.4.3}% 41
\BOOKMARK [2][-]{subsection.4.4}{4.4 Geometric Optics}{section.4}% 42
\BOOKMARK [1][]{section.5}{5 Electric Charge and Electric Field}{}% 43
\BOOKMARK [2][-]{subsection.5.1}{5.1 Motion of charged particles in an electric field}{section.5}% 44
\BOOKMARK [2][-]{subsection.5.2}{5.2 Capacitance}{section.5}% 45
\BOOKMARK [2][-]{subsection.5.3}{5.3 Conservation and quantization of charge}{section.5}% 46
\BOOKMARK [1][]{section.6}{6 Current and Magnetic Field}{}% 47
\BOOKMARK [2][-]{subsection.6.1}{6.1 Current, impedance, and potential difference in DC and AC circuits}{section.6}% 48
\BOOKMARK [3][-]{subsubsection.6.1.1}{6.1.1 Circuits containing non-ohmic devices with known V-I characteristics}{subsection.6.1}% 49
\BOOKMARK [2][-]{subsection.6.2}{6.2 Magnetic field and Magnetic Forces}{section.6}% 50
\BOOKMARK [2][-]{subsection.6.3}{6.3 Electromagnetic induction and inductance}{section.6}% 51
\BOOKMARK [3][-]{subsubsection.6.3.1}{6.3.1 Self-Inductance}{subsection.6.3}% 52
\BOOKMARK [3][-]{subsubsection.6.3.2}{6.3.2 Mutual Inductance}{subsection.6.3}% 53
\BOOKMARK [1][]{section.7}{7 Thermodynamics}{}% 54
\BOOKMARK [2][-]{subsection.7.1}{7.1 Laws of Thermodynamics and Absolute Temperature}{section.7}% 55
\BOOKMARK [2][-]{subsection.7.2}{7.2 Kinetic theory of an ideal gas}{section.7}% 56
\BOOKMARK [2][-]{subsection.7.3}{7.3 Thermal properties of Materials}{section.7}% 57
\BOOKMARK [3][-]{subsubsection.7.3.1}{7.3.1 Thermal Conductivity}{subsection.7.3}% 58
\BOOKMARK [3][-]{subsubsection.7.3.2}{7.3.2 Thermal Expansion}{subsection.7.3}% 59
\BOOKMARK [2][-]{subsection.7.4}{7.4 Thermodynamic Processes}{section.7}% 60
\BOOKMARK [3][-]{subsubsection.7.4.1}{7.4.1 Thermodynamic efficiency}{subsection.7.4}% 61
