\BOOKMARK [1][]{section.1}{1 Introduction to Calculus Notation}{}% 1
\BOOKMARK [1][]{section.2}{2 Background to Dynamics}{}% 2
\BOOKMARK [1][]{section.3}{3 The Laws of Motion}{}% 3
\BOOKMARK [2][-]{subsection.3.1}{3.1 Newton's 1st Law}{section.3}% 4
\BOOKMARK [2][-]{subsection.3.2}{3.2 Newton's 2nd Law}{section.3}% 5
\BOOKMARK [2][-]{subsection.3.3}{3.3 Newton's 3rd Law}{section.3}% 6
\BOOKMARK [1][]{section.4}{4 Free-body Diagrams}{}% 7
\BOOKMARK [2][-]{subsection.4.1}{4.1 Proving angle on a slope}{section.4}% 8
\BOOKMARK [1][]{section.5}{5 Types of equilibrium}{}% 9
\BOOKMARK [2][-]{subsection.5.1}{5.1 Translational}{section.5}% 10
\BOOKMARK [2][-]{subsection.5.2}{5.2 Rotational}{section.5}% 11
\BOOKMARK [1][]{section.6}{6 Defining a System}{}% 12
\BOOKMARK [1][]{section.7}{7 Types of Forces}{}% 13
\BOOKMARK [2][-]{subsection.7.1}{7.1 Spring/Elastic}{section.7}% 14
\BOOKMARK [2][-]{subsection.7.2}{7.2 Tension}{section.7}% 15
\BOOKMARK [3][-]{subsubsection.7.2.1}{7.2.1 Pulleys}{subsection.7.2}% 16
\BOOKMARK [2][-]{subsection.7.3}{7.3 Contact Forces}{section.7}% 17
\BOOKMARK [3][-]{subsubsection.7.3.1}{7.3.1 Friction}{subsection.7.3}% 18
\BOOKMARK [2][-]{subsection.7.4}{7.4 Weight and Weightlessness}{section.7}% 19
\BOOKMARK [3][-]{subsubsection.7.4.1}{7.4.1 Difference between Mass and Weight}{subsection.7.4}% 20
\BOOKMARK [3][-]{subsubsection.7.4.2}{7.4.2 ``Elevator Problems"}{subsection.7.4}% 21
\BOOKMARK [2][-]{subsection.7.5}{7.5 Fluid Mechanics I}{section.7}% 22
\BOOKMARK [3][-]{subsubsection.7.5.1}{7.5.1 Pressure}{subsection.7.5}% 23
\BOOKMARK [3][-]{subsubsection.7.5.2}{7.5.2 Fluid Pressure}{subsection.7.5}% 24
\BOOKMARK [3][-]{subsubsection.7.5.3}{7.5.3 Pascal's Principle}{subsection.7.5}% 25
\BOOKMARK [3][-]{subsubsection.7.5.4}{7.5.4 Upthrust and Buoyancy \204 Archimedes Principle}{subsection.7.5}% 26
\BOOKMARK [3][-]{subsubsection.7.5.5}{7.5.5 Viscosity and Fluid Resistance}{subsection.7.5}% 27
\BOOKMARK [1][]{section*.10}{Appendices}{}% 28
\BOOKMARK [1][]{Appendix.1.A}{Appendix A Newton's 1st and 2nd Law}{}% 29
\BOOKMARK [1][]{Appendix.1.B}{Appendix B Fluid Pressure}{}% 30
\BOOKMARK [2][-]{subsection.1.B.1}{B.1 Measuring Pressure}{Appendix.1.B}% 31
\BOOKMARK [1][]{Appendix.1.C}{Appendix C Hydraulic Lifts}{}% 32
\BOOKMARK [1][]{Appendix.1.D}{Appendix D Derivation of Upthrust}{}% 33
