This is pdfTeX, Version 3.14159265-2.6-1.40.18 (TeX Live 2017) (preloaded format=pdflatex 2018.2.16)  16 MAR 2018 21:20
entering extended mode
 restricted \write18 enabled.
 %&-line parsing enabled.
**LectureSummary.tex
(./LectureSummary.tex
LaTeX2e <2017-04-15>
Babel <3.18> and hyphenation patterns for 10 language(s) loaded.
(/usr/local/texlive/2016/texmf-dist/tex/latex/base/article.cls
Document Class: article 2014/09/29 v1.4h Standard LaTeX document class
(/usr/local/texlive/2016/texmf-dist/tex/latex/base/size11.clo
File: size11.clo 2014/09/29 v1.4h Standard LaTeX file (size option)
)
\c@part=\count79
\c@section=\count80
\c@subsection=\count81
\c@subsubsection=\count82
\c@paragraph=\count83
\c@subparagraph=\count84
\c@figure=\count85
\c@table=\count86
\abovecaptionskip=\skip41
\belowcaptionskip=\skip42
\bibindent=\dimen102
)
(/usr/local/texlive/2016/texmf-dist/tex/latex/libertine/libertine.sty
Package: libertine 2018/01/03 (Bob Tennent) Supports Libertine and Biolinum fon
ts for all LaTeX engines.

(/usr/local/texlive/2016/texmf-dist/tex/generic/ifxetex/ifxetex.sty
Package: ifxetex 2010/09/12 v0.6 Provides ifxetex conditional
)
(/usr/local/texlive/2016/texmf-dist/tex/generic/oberdiek/ifluatex.sty
Package: ifluatex 2016/05/16 v1.4 Provides the ifluatex switch (HO)
Package ifluatex Info: LuaTeX not detected.
)
(/usr/local/texlive/2016/texmf-dist/tex/latex/xkeyval/xkeyval.sty
Package: xkeyval 2014/12/03 v2.7a package option processing (HA)

(/usr/local/texlive/2016/texmf-dist/tex/generic/xkeyval/xkeyval.tex
(/usr/local/texlive/2016/texmf-dist/tex/generic/xkeyval/xkvutils.tex
\XKV@toks=\toks14
\XKV@tempa@toks=\toks15

(/usr/local/texlive/2016/texmf-dist/tex/generic/xkeyval/keyval.tex))
\XKV@depth=\count87
File: xkeyval.tex 2014/12/03 v2.7a key=value parser (HA)
))
(/usr/local/texlive/2016/texmf-dist/tex/latex/base/textcomp.sty
Package: textcomp 2017/04/05 v2.0i Standard LaTeX package
Package textcomp Info: Sub-encoding information:
(textcomp)               5 = only ISO-Adobe without \textcurrency
(textcomp)               4 = 5 + \texteuro
(textcomp)               3 = 4 + \textohm
(textcomp)               2 = 3 + \textestimated + \textcurrency
(textcomp)               1 = TS1 - \textcircled - \t
(textcomp)               0 = TS1 (full)
(textcomp)             Font families with sub-encoding setting implement
(textcomp)             only a restricted character set as indicated.
(textcomp)             Family '?' is the default used for unknown fonts.
(textcomp)             See the documentation for details.
Package textcomp Info: Setting ? sub-encoding to TS1/1 on input line 79.

(/usr/local/texlive/2016/texmf-dist/tex/latex/base/ts1enc.def
File: ts1enc.def 2001/06/05 v3.0e (jk/car/fm) Standard LaTeX file
)
LaTeX Info: Redefining \oldstylenums on input line 334.
Package textcomp Info: Setting cmr sub-encoding to TS1/0 on input line 349.
Package textcomp Info: Setting cmss sub-encoding to TS1/0 on input line 350.
Package textcomp Info: Setting cmtt sub-encoding to TS1/0 on input line 351.
Package textcomp Info: Setting cmvtt sub-encoding to TS1/0 on input line 352.
Package textcomp Info: Setting cmbr sub-encoding to TS1/0 on input line 353.
Package textcomp Info: Setting cmtl sub-encoding to TS1/0 on input line 354.
Package textcomp Info: Setting ccr sub-encoding to TS1/0 on input line 355.
Package textcomp Info: Setting ptm sub-encoding to TS1/4 on input line 356.
Package textcomp Info: Setting pcr sub-encoding to TS1/4 on input line 357.
Package textcomp Info: Setting phv sub-encoding to TS1/4 on input line 358.
Package textcomp Info: Setting ppl sub-encoding to TS1/3 on input line 359.
Package textcomp Info: Setting pag sub-encoding to TS1/4 on input line 360.
Package textcomp Info: Setting pbk sub-encoding to TS1/4 on input line 361.
Package textcomp Info: Setting pnc sub-encoding to TS1/4 on input line 362.
Package textcomp Info: Setting pzc sub-encoding to TS1/4 on input line 363.
Package textcomp Info: Setting bch sub-encoding to TS1/4 on input line 364.
Package textcomp Info: Setting put sub-encoding to TS1/5 on input line 365.
Package textcomp Info: Setting uag sub-encoding to TS1/5 on input line 366.
Package textcomp Info: Setting ugq sub-encoding to TS1/5 on input line 367.
Package textcomp Info: Setting ul8 sub-encoding to TS1/4 on input line 368.
Package textcomp Info: Setting ul9 sub-encoding to TS1/4 on input line 369.
Package textcomp Info: Setting augie sub-encoding to TS1/5 on input line 370.
Package textcomp Info: Setting dayrom sub-encoding to TS1/3 on input line 371.
Package textcomp Info: Setting dayroms sub-encoding to TS1/3 on input line 372.

Package textcomp Info: Setting pxr sub-encoding to TS1/0 on input line 373.
Package textcomp Info: Setting pxss sub-encoding to TS1/0 on input line 374.
Package textcomp Info: Setting pxtt sub-encoding to TS1/0 on input line 375.
Package textcomp Info: Setting txr sub-encoding to TS1/0 on input line 376.
Package textcomp Info: Setting txss sub-encoding to TS1/0 on input line 377.
Package textcomp Info: Setting txtt sub-encoding to TS1/0 on input line 378.
Package textcomp Info: Setting lmr sub-encoding to TS1/0 on input line 379.
Package textcomp Info: Setting lmdh sub-encoding to TS1/0 on input line 380.
Package textcomp Info: Setting lmss sub-encoding to TS1/0 on input line 381.
Package textcomp Info: Setting lmssq sub-encoding to TS1/0 on input line 382.
Package textcomp Info: Setting lmvtt sub-encoding to TS1/0 on input line 383.
Package textcomp Info: Setting lmtt sub-encoding to TS1/0 on input line 384.
Package textcomp Info: Setting qhv sub-encoding to TS1/0 on input line 385.
Package textcomp Info: Setting qag sub-encoding to TS1/0 on input line 386.
Package textcomp Info: Setting qbk sub-encoding to TS1/0 on input line 387.
Package textcomp Info: Setting qcr sub-encoding to TS1/0 on input line 388.
Package textcomp Info: Setting qcs sub-encoding to TS1/0 on input line 389.
Package textcomp Info: Setting qpl sub-encoding to TS1/0 on input line 390.
Package textcomp Info: Setting qtm sub-encoding to TS1/0 on input line 391.
Package textcomp Info: Setting qzc sub-encoding to TS1/0 on input line 392.
Package textcomp Info: Setting qhvc sub-encoding to TS1/0 on input line 393.
Package textcomp Info: Setting futs sub-encoding to TS1/4 on input line 394.
Package textcomp Info: Setting futx sub-encoding to TS1/4 on input line 395.
Package textcomp Info: Setting futj sub-encoding to TS1/4 on input line 396.
Package textcomp Info: Setting hlh sub-encoding to TS1/3 on input line 397.
Package textcomp Info: Setting hls sub-encoding to TS1/3 on input line 398.
Package textcomp Info: Setting hlst sub-encoding to TS1/3 on input line 399.
Package textcomp Info: Setting hlct sub-encoding to TS1/5 on input line 400.
Package textcomp Info: Setting hlx sub-encoding to TS1/5 on input line 401.
Package textcomp Info: Setting hlce sub-encoding to TS1/5 on input line 402.
Package textcomp Info: Setting hlcn sub-encoding to TS1/5 on input line 403.
Package textcomp Info: Setting hlcw sub-encoding to TS1/5 on input line 404.
Package textcomp Info: Setting hlcf sub-encoding to TS1/5 on input line 405.
Package textcomp Info: Setting pplx sub-encoding to TS1/3 on input line 406.
Package textcomp Info: Setting pplj sub-encoding to TS1/3 on input line 407.
Package textcomp Info: Setting ptmx sub-encoding to TS1/4 on input line 408.
Package textcomp Info: Setting ptmj sub-encoding to TS1/4 on input line 409.
)
(/usr/local/texlive/2016/texmf-dist/tex/latex/mweights/mweights.sty
Package: mweights 2017/03/30 (Bob Tennent) Support package for multiple-weight 
font packages. 
LaTeX Info: Redefining \bfseries on input line 22.
LaTeX Info: Redefining \mdseries on input line 30.
LaTeX Info: Redefining \rmfamily on input line 38.
LaTeX Info: Redefining \sffamily on input line 66.
LaTeX Info: Redefining \ttfamily on input line 94.
)
(/usr/local/texlive/2016/texmf-dist/tex/latex/base/fontenc.sty
Package: fontenc 2017/04/05 v2.0i Standard LaTeX package
)
(/usr/local/texlive/2016/texmf-dist/tex/latex/fontaxes/fontaxes.sty
Package: fontaxes 2014/03/23 v1.0d Font selection axes
LaTeX Info: Redefining \upshape on input line 29.
LaTeX Info: Redefining \itshape on input line 31.
LaTeX Info: Redefining \slshape on input line 33.
LaTeX Info: Redefining \scshape on input line 37.
)
LaTeX Info: Redefining \oldstylenums on input line 490.

(/usr/local/texlive/2016/texmf-dist/tex/latex/libertine/LinLibertine_I.tex))
(/usr/local/texlive/2016/texmf-dist/tex/latex/geometry/geometry.sty
Package: geometry 2010/09/12 v5.6 Page Geometry

(/usr/local/texlive/2016/texmf-dist/tex/generic/oberdiek/ifpdf.sty
Package: ifpdf 2017/03/15 v3.2 Provides the ifpdf switch
)
(/usr/local/texlive/2016/texmf-dist/tex/generic/oberdiek/ifvtex.sty
Package: ifvtex 2016/05/16 v1.6 Detect VTeX and its facilities (HO)
Package ifvtex Info: VTeX not detected.
)
\Gm@cnth=\count88
\Gm@cntv=\count89
\c@Gm@tempcnt=\count90
\Gm@bindingoffset=\dimen103
\Gm@wd@mp=\dimen104
\Gm@odd@mp=\dimen105
\Gm@even@mp=\dimen106
\Gm@layoutwidth=\dimen107
\Gm@layoutheight=\dimen108
\Gm@layouthoffset=\dimen109
\Gm@layoutvoffset=\dimen110
\Gm@dimlist=\toks16
)
(/usr/local/texlive/2016/texmf-dist/tex/latex/amsmath/amsmath.sty
Package: amsmath 2017/09/02 v2.17a AMS math features
\@mathmargin=\skip43

For additional information on amsmath, use the `?' option.
(/usr/local/texlive/2016/texmf-dist/tex/latex/amsmath/amstext.sty
Package: amstext 2000/06/29 v2.01 AMS text

(/usr/local/texlive/2016/texmf-dist/tex/latex/amsmath/amsgen.sty
File: amsgen.sty 1999/11/30 v2.0 generic functions
\@emptytoks=\toks17
\ex@=\dimen111
))
(/usr/local/texlive/2016/texmf-dist/tex/latex/amsmath/amsbsy.sty
Package: amsbsy 1999/11/29 v1.2d Bold Symbols
\pmbraise@=\dimen112
)
(/usr/local/texlive/2016/texmf-dist/tex/latex/amsmath/amsopn.sty
Package: amsopn 2016/03/08 v2.02 operator names
)
\inf@bad=\count91
LaTeX Info: Redefining \frac on input line 213.
\uproot@=\count92
\leftroot@=\count93
LaTeX Info: Redefining \overline on input line 375.
\classnum@=\count94
\DOTSCASE@=\count95
LaTeX Info: Redefining \ldots on input line 472.
LaTeX Info: Redefining \dots on input line 475.
LaTeX Info: Redefining \cdots on input line 596.
\Mathstrutbox@=\box26
\strutbox@=\box27
\big@size=\dimen113
LaTeX Font Info:    Redeclaring font encoding OML on input line 712.
LaTeX Font Info:    Redeclaring font encoding OMS on input line 713.
\macc@depth=\count96
\c@MaxMatrixCols=\count97
\dotsspace@=\muskip10
\c@parentequation=\count98
\dspbrk@lvl=\count99
\tag@help=\toks18
\row@=\count100
\column@=\count101
\maxfields@=\count102
\andhelp@=\toks19
\eqnshift@=\dimen114
\alignsep@=\dimen115
\tagshift@=\dimen116
\tagwidth@=\dimen117
\totwidth@=\dimen118
\lineht@=\dimen119
\@envbody=\toks20
\multlinegap=\skip44
\multlinetaggap=\skip45
\mathdisplay@stack=\toks21
LaTeX Info: Redefining \[ on input line 2817.
LaTeX Info: Redefining \] on input line 2818.
)
(/usr/local/texlive/2016/texmf-dist/tex/latex/amscls/amsthm.sty
Package: amsthm 2017/10/31 v2.20.4
\thm@style=\toks22
\thm@bodyfont=\toks23
\thm@headfont=\toks24
\thm@notefont=\toks25
\thm@headpunct=\toks26
\thm@preskip=\skip46
\thm@postskip=\skip47
\thm@headsep=\skip48
\dth@everypar=\toks27
)
(/usr/local/texlive/2016/texmf-dist/tex/latex/amsfonts/amssymb.sty
Package: amssymb 2013/01/14 v3.01 AMS font symbols

(/usr/local/texlive/2016/texmf-dist/tex/latex/amsfonts/amsfonts.sty
Package: amsfonts 2013/01/14 v3.01 Basic AMSFonts support
\symAMSa=\mathgroup4
\symAMSb=\mathgroup5
LaTeX Font Info:    Overwriting math alphabet `\mathfrak' in version `bold'
(Font)                  U/euf/m/n --> U/euf/b/n on input line 106.
))
(/usr/local/texlive/2016/texmf-dist/tex/latex/parskip/parskip.sty
Package: parskip 2001/04/09 non-zero parskip adjustments
)
(/usr/local/texlive/2016/texmf-dist/tex/latex/tools/tabularx.sty
Package: tabularx 2016/02/03 v2.11 `tabularx' package (DPC)

(/usr/local/texlive/2016/texmf-dist/tex/latex/tools/array.sty
Package: array 2016/10/06 v2.4d Tabular extension package (FMi)
\col@sep=\dimen120
\extrarowheight=\dimen121
\NC@list=\toks28
\extratabsurround=\skip49
\backup@length=\skip50
)
\TX@col@width=\dimen122
\TX@old@table=\dimen123
\TX@old@col=\dimen124
\TX@target=\dimen125
\TX@delta=\dimen126
\TX@cols=\count103
\TX@ftn=\toks29
)
(/usr/local/texlive/2016/texmf-dist/tex/generic/babel/babel.sty
Package: babel 2018/02/14 3.18 The Babel package

(/usr/local/texlive/2016/texmf-dist/tex/generic/babel/switch.def
File: switch.def 2018/02/14 3.18 Babel switching mechanism
)
(/usr/local/texlive/2016/texmf-dist/tex/generic/babel-english/english.ldf
Language: english 2017/06/06 v3.3r English support from the babel system

(/usr/local/texlive/2016/texmf-dist/tex/generic/babel/babel.def
File: babel.def 2018/02/14 3.18 Babel common definitions
\babel@savecnt=\count104
\U@D=\dimen127

(/usr/local/texlive/2016/texmf-dist/tex/generic/babel/txtbabel.def)
\bbl@dirlevel=\count105
)
\l@canadian = a dialect from \language\l@american 
\l@australian = a dialect from \language\l@british 
\l@newzealand = a dialect from \language\l@british 
))
(/usr/local/texlive/2016/texmf-dist/tex/latex/enumitem/enumitem.sty
Package: enumitem 2011/09/28 v3.5.2 Customized lists
\enitkv@toks@=\toks30
\labelindent=\skip51
\enit@outerparindent=\dimen128
\enit@toks=\toks31
\enit@inbox=\box28
\enitdp@description=\count106
)
(/usr/local/texlive/2016/texmf-dist/tex/latex/was/gensymb.sty
Package: gensymb 2003/07/02 v1.0 (WaS)
)
(/usr/local/texlive/2016/texmf-dist/tex/latex/tools/bm.sty
Package: bm 2017/01/16 v1.2c Bold Symbol Support (DPC/FMi)
\symboldoperators=\mathgroup6
\symboldletters=\mathgroup7
\symboldsymbols=\mathgroup8
LaTeX Font Info:    Redeclaring math alphabet \mathbf on input line 141.
LaTeX Info: Redefining \bm on input line 207.
)
(/usr/local/texlive/2016/texmf-dist/tex/latex/graphics/graphicx.sty
Package: graphicx 2017/06/01 v1.1a Enhanced LaTeX Graphics (DPC,SPQR)

(/usr/local/texlive/2016/texmf-dist/tex/latex/graphics/graphics.sty
Package: graphics 2017/06/25 v1.2c Standard LaTeX Graphics (DPC,SPQR)

(/usr/local/texlive/2016/texmf-dist/tex/latex/graphics/trig.sty
Package: trig 2016/01/03 v1.10 sin cos tan (DPC)
)
(/usr/local/texlive/2016/texmf-dist/tex/latex/graphics-cfg/graphics.cfg
File: graphics.cfg 2016/06/04 v1.11 sample graphics configuration
)
Package graphics Info: Driver file: pdftex.def on input line 99.

(/usr/local/texlive/2016/texmf-dist/tex/latex/graphics-def/pdftex.def
File: pdftex.def 2018/01/08 v1.0l Graphics/color driver for pdftex
))
\Gin@req@height=\dimen129
\Gin@req@width=\dimen130
)
(/usr/local/texlive/2016/texmf-dist/tex/latex/xcolor/xcolor.sty
Package: xcolor 2016/05/11 v2.12 LaTeX color extensions (UK)

(/usr/local/texlive/2016/texmf-dist/tex/latex/graphics-cfg/color.cfg
File: color.cfg 2016/01/02 v1.6 sample color configuration
)
Package xcolor Info: Package option `usenames' ignored on input line 216.
Package xcolor Info: Driver file: pdftex.def on input line 225.
Package xcolor Info: Model `cmy' substituted by `cmy0' on input line 1348.
Package xcolor Info: Model `hsb' substituted by `rgb' on input line 1352.
Package xcolor Info: Model `RGB' extended on input line 1364.
Package xcolor Info: Model `HTML' substituted by `rgb' on input line 1366.
Package xcolor Info: Model `Hsb' substituted by `hsb' on input line 1367.
Package xcolor Info: Model `tHsb' substituted by `hsb' on input line 1368.
Package xcolor Info: Model `HSB' substituted by `hsb' on input line 1369.
Package xcolor Info: Model `Gray' substituted by `gray' on input line 1370.
Package xcolor Info: Model `wave' substituted by `hsb' on input line 1371.

(/usr/local/texlive/2016/texmf-dist/tex/latex/graphics/dvipsnam.def
File: dvipsnam.def 2016/06/17 v3.0m Driver-dependent file (DPC,SPQR)
))
(/usr/local/texlive/2016/texmf-dist/tex/latex/float/float.sty
Package: float 2001/11/08 v1.3d Float enhancements (AL)
\c@float@type=\count107
\float@exts=\toks32
\float@box=\box29
\@float@everytoks=\toks33
\@floatcapt=\box30
)
(/usr/local/texlive/2016/texmf-dist/tex/latex/wrapfig/wrapfig.sty
\wrapoverhang=\dimen131
\WF@size=\dimen132
\c@WF@wrappedlines=\count108
\WF@box=\box31
\WF@everypar=\toks34
Package: wrapfig 2003/01/31  v 3.6
)
(/usr/local/texlive/2016/texmf-dist/tex/latex/cancel/cancel.sty
Package: cancel 2013/04/12 v2.2 Cancel math terms
)
(/usr/local/texlive/2016/texmf-dist/tex/latex/tools/multicol.sty
Package: multicol 2017/04/11 v1.8q multicolumn formatting (FMi)
\c@tracingmulticols=\count109
\mult@box=\box32
\multicol@leftmargin=\dimen133
\c@unbalance=\count110
\c@collectmore=\count111
\doublecol@number=\count112
\multicoltolerance=\count113
\multicolpretolerance=\count114
\full@width=\dimen134
\page@free=\dimen135
\premulticols=\dimen136
\postmulticols=\dimen137
\multicolsep=\skip52
\multicolbaselineskip=\skip53
\partial@page=\box33
\last@line=\box34
\maxbalancingoverflow=\dimen138
\mult@rightbox=\box35
\mult@grightbox=\box36
\mult@gfirstbox=\box37
\mult@firstbox=\box38
\@tempa=\box39
\@tempa=\box40
\@tempa=\box41
\@tempa=\box42
\@tempa=\box43
\@tempa=\box44
\@tempa=\box45
\@tempa=\box46
\@tempa=\box47
\@tempa=\box48
\@tempa=\box49
\@tempa=\box50
\@tempa=\box51
\@tempa=\box52
\@tempa=\box53
\@tempa=\box54
\@tempa=\box55
\c@columnbadness=\count115
\c@finalcolumnbadness=\count116
\last@try=\dimen139
\multicolovershoot=\dimen140
\multicolundershoot=\dimen141
\mult@nat@firstbox=\box56
\colbreak@box=\box57
\mc@col@check@num=\count117
)
(/usr/local/texlive/2016/texmf-dist/tex/latex/hyperref/hyperref.sty
Package: hyperref 2018/02/06 v6.86b Hypertext links for LaTeX

(/usr/local/texlive/2016/texmf-dist/tex/generic/oberdiek/hobsub-hyperref.sty
Package: hobsub-hyperref 2016/05/16 v1.14 Bundle oberdiek, subset hyperref (HO)


(/usr/local/texlive/2016/texmf-dist/tex/generic/oberdiek/hobsub-generic.sty
Package: hobsub-generic 2016/05/16 v1.14 Bundle oberdiek, subset generic (HO)
Package: hobsub 2016/05/16 v1.14 Construct package bundles (HO)
Package: infwarerr 2016/05/16 v1.4 Providing info/warning/error messages (HO)
Package: ltxcmds 2016/05/16 v1.23 LaTeX kernel commands for general use (HO)
Package hobsub Info: Skipping package `ifluatex' (already loaded).
Package hobsub Info: Skipping package `ifvtex' (already loaded).
Package: intcalc 2016/05/16 v1.2 Expandable calculations with integers (HO)
Package hobsub Info: Skipping package `ifpdf' (already loaded).
Package: etexcmds 2016/05/16 v1.6 Avoid name clashes with e-TeX commands (HO)
Package etexcmds Info: Could not find \expanded.
(etexcmds)             That can mean that you are not using pdfTeX 1.50 or
(etexcmds)             that some package has redefined \expanded.
(etexcmds)             In the latter case, load this package earlier.
Package: kvsetkeys 2016/05/16 v1.17 Key value parser (HO)
Package: kvdefinekeys 2016/05/16 v1.4 Define keys (HO)
Package: pdftexcmds 2018/01/21 v0.26 Utility functions of pdfTeX for LuaTeX (HO
)
Package pdftexcmds Info: LuaTeX not detected.
Package pdftexcmds Info: \pdf@primitive is available.
Package pdftexcmds Info: \pdf@ifprimitive is available.
Package pdftexcmds Info: \pdfdraftmode found.
Package: pdfescape 2016/05/16 v1.14 Implements pdfTeX's escape features (HO)
Package: bigintcalc 2016/05/16 v1.4 Expandable calculations on big integers (HO
)
Package: bitset 2016/05/16 v1.2 Handle bit-vector datatype (HO)
Package: uniquecounter 2016/05/16 v1.3 Provide unlimited unique counter (HO)
)
Package hobsub Info: Skipping package `hobsub' (already loaded).
Package: letltxmacro 2016/05/16 v1.5 Let assignment for LaTeX macros (HO)
Package: hopatch 2016/05/16 v1.3 Wrapper for package hooks (HO)
Package: xcolor-patch 2016/05/16 xcolor patch
Package: atveryend 2016/05/16 v1.9 Hooks at the very end of document (HO)
Package atveryend Info: \enddocument detected (standard20110627).
Package: atbegshi 2016/06/09 v1.18 At begin shipout hook (HO)
Package: refcount 2016/05/16 v3.5 Data extraction from label references (HO)
Package: hycolor 2016/05/16 v1.8 Color options for hyperref/bookmark (HO)
)
(/usr/local/texlive/2016/texmf-dist/tex/latex/oberdiek/auxhook.sty
Package: auxhook 2016/05/16 v1.4 Hooks for auxiliary files (HO)
)
(/usr/local/texlive/2016/texmf-dist/tex/latex/oberdiek/kvoptions.sty
Package: kvoptions 2016/05/16 v3.12 Key value format for package options (HO)
)
\@linkdim=\dimen142
\Hy@linkcounter=\count118
\Hy@pagecounter=\count119

(/usr/local/texlive/2016/texmf-dist/tex/latex/hyperref/pd1enc.def
File: pd1enc.def 2018/02/06 v6.86b Hyperref: PDFDocEncoding definition (HO)
)
\Hy@SavedSpaceFactor=\count120

(/usr/local/texlive/2016/texmf-dist/tex/latex/latexconfig/hyperref.cfg
File: hyperref.cfg 2002/06/06 v1.2 hyperref configuration of TeXLive
)
Package hyperref Info: Hyper figures OFF on input line 4509.
Package hyperref Info: Link nesting OFF on input line 4514.
Package hyperref Info: Hyper index ON on input line 4517.
Package hyperref Info: Plain pages OFF on input line 4524.
Package hyperref Info: Backreferencing OFF on input line 4529.
Package hyperref Info: Implicit mode ON; LaTeX internals redefined.
Package hyperref Info: Bookmarks ON on input line 4762.
\c@Hy@tempcnt=\count121

(/usr/local/texlive/2016/texmf-dist/tex/latex/url/url.sty
\Urlmuskip=\muskip11
Package: url 2013/09/16  ver 3.4  Verb mode for urls, etc.
)
LaTeX Info: Redefining \url on input line 5115.
\XeTeXLinkMargin=\dimen143
\Fld@menulength=\count122
\Field@Width=\dimen144
\Fld@charsize=\dimen145
Package hyperref Info: Hyper figures OFF on input line 6369.
Package hyperref Info: Link nesting OFF on input line 6374.
Package hyperref Info: Hyper index ON on input line 6377.
Package hyperref Info: backreferencing OFF on input line 6384.
Package hyperref Info: Link coloring OFF on input line 6389.
Package hyperref Info: Link coloring with OCG OFF on input line 6394.
Package hyperref Info: PDF/A mode OFF on input line 6399.
LaTeX Info: Redefining \ref on input line 6439.
LaTeX Info: Redefining \pageref on input line 6443.
\Hy@abspage=\count123
\c@Item=\count124
\c@Hfootnote=\count125
)
Package hyperref Info: Driver (autodetected): hpdftex.

(/usr/local/texlive/2016/texmf-dist/tex/latex/hyperref/hpdftex.def
File: hpdftex.def 2018/02/06 v6.86b Hyperref driver for pdfTeX
\Fld@listcount=\count126
\c@bookmark@seq@number=\count127

(/usr/local/texlive/2016/texmf-dist/tex/latex/oberdiek/rerunfilecheck.sty
Package: rerunfilecheck 2016/05/16 v1.8 Rerun checks for auxiliary files (HO)
Package uniquecounter Info: New unique counter `rerunfilecheck' on input line 2
82.
)
\Hy@SectionHShift=\skip54
)
(/usr/local/texlive/2016/texmf-dist/tex/latex/dashrule/dashrule.sty
Package: dashrule 2013/03/28 v1.3 Dashed rules

(/usr/local/texlive/2016/texmf-dist/tex/latex/ifmtarg/ifmtarg.sty
Package: ifmtarg 2009/09/02 v1.2a check for an empty argument
)
\c@hdr@segments=\count128
)
(/usr/local/texlive/2016/texmf-dist/tex/latex/caption/caption.sty
Package: caption 2016/02/21 v3.3-144 Customizing captions (AR)

(/usr/local/texlive/2016/texmf-dist/tex/latex/caption/caption3.sty
Package: caption3 2016/05/22 v1.7-166 caption3 kernel (AR)
Package caption3 Info: TeX engine: e-TeX on input line 67.
\captionmargin=\dimen146
\captionmargin@=\dimen147
\captionwidth=\dimen148
\caption@tempdima=\dimen149
\caption@indent=\dimen150
\caption@parindent=\dimen151
\caption@hangindent=\dimen152
)
\c@ContinuedFloat=\count129
Package caption Info: float package is loaded.
Package caption Info: hyperref package is loaded.
Package caption Info: wrapfig package is loaded.
)
(/usr/local/texlive/2016/texmf-dist/tex/latex/appendix/appendix.sty
Package: appendix 2009/09/02 v1.2b extra appendix facilities
\c@@pps=\count130
\c@@ppsavesec=\count131
\c@@ppsaveapp=\count132
)
(/usr/local/texlive/2016/texmf-dist/tex/latex/ccicons/ccicons.sty
Package: ccicons 2017/10/30 v1.6 LaTeX support for Creative Commons icons
)
(/usr/local/texlive/2016/texmf-dist/tex/latex/framed/framed.sty
Package: framed 2011/10/22 v 0.96: framed or shaded text with page breaks
\OuterFrameSep=\skip55
\fb@frw=\dimen153
\fb@frh=\dimen154
\FrameRule=\dimen155
\FrameSep=\dimen156
)
(/usr/local/texlive/2016/texmf-dist/tex/latex/chngcntr/chngcntr.sty
Package: chngcntr 2009/09/02 v1.0a change counter resetting
)
Package hyperref Info: Option `bookmarksnumbered' set `true' on input line 56.
Package hyperref Info: Option `bookmarksopen' set `true' on input line 56.
Package hyperref Info: Option `colorlinks' set `true' on input line 56.

(./LectureSummary.aux)
\openout1 = `LectureSummary.aux'.

LaTeX Font Info:    Checking defaults for OML/cmm/m/it on input line 72.
LaTeX Font Info:    ... okay on input line 72.
LaTeX Font Info:    Checking defaults for T1/cmr/m/n on input line 72.
LaTeX Font Info:    ... okay on input line 72.
LaTeX Font Info:    Checking defaults for OT1/cmr/m/n on input line 72.
LaTeX Font Info:    ... okay on input line 72.
LaTeX Font Info:    Checking defaults for OMS/cmsy/m/n on input line 72.
LaTeX Font Info:    ... okay on input line 72.
LaTeX Font Info:    Checking defaults for OMX/cmex/m/n on input line 72.
LaTeX Font Info:    ... okay on input line 72.
LaTeX Font Info:    Checking defaults for U/cmr/m/n on input line 72.
LaTeX Font Info:    ... okay on input line 72.
LaTeX Font Info:    Checking defaults for TS1/cmr/m/n on input line 72.
LaTeX Font Info:    Try loading font information for TS1+cmr on input line 72.

(/usr/local/texlive/2016/texmf-dist/tex/latex/base/ts1cmr.fd
File: ts1cmr.fd 2014/09/29 v2.5h Standard LaTeX font definitions
)
LaTeX Font Info:    ... okay on input line 72.
LaTeX Font Info:    Checking defaults for PD1/pdf/m/n on input line 72.
LaTeX Font Info:    ... okay on input line 72.
LaTeX Font Info:    Try loading font information for OT1+LinuxLibertineT-TLF on
 input line 72.

(/usr/local/texlive/2016/texmf-dist/tex/latex/libertine/OT1LinuxLibertineT-TLF.
fd
File: OT1LinuxLibertineT-TLF.fd 2017/03/20 (autoinst) Font definitions for OT1/
LinuxLibertineT-TLF.
)
LaTeX Font Info:    Font shape `OT1/LinuxLibertineT-TLF/m/n' will be
(Font)              scaled to size 10.95pt on input line 72.
\c@mv@tabular=\count133
\c@mv@boldtabular=\count134

*geometry* driver: auto-detecting
*geometry* detected driver: pdftex
*geometry* verbose mode - [ preamble ] result:
* driver: pdftex
* paper: a4paper
* layout: <same size as paper>
* layoutoffset:(h,v)=(0.0pt,0.0pt)
* modes: 
* h-part:(L,W,R)=(89.62709pt, 418.25368pt, 89.6271pt)
* v-part:(T,H,B)=(101.40665pt, 591.5302pt, 152.11pt)
* \paperwidth=597.50787pt
* \paperheight=845.04684pt
* \textwidth=418.25368pt
* \textheight=591.5302pt
* \oddsidemargin=17.3571pt
* \evensidemargin=17.3571pt
* \topmargin=-7.86334pt
* \headheight=12.0pt
* \headsep=25.0pt
* \topskip=11.0pt
* \footskip=30.0pt
* \marginparwidth=59.0pt
* \marginparsep=10.0pt
* \columnsep=10.0pt
* \skip\footins=10.0pt plus 4.0pt minus 2.0pt
* \hoffset=0.0pt
* \voffset=0.0pt
* \mag=1000
* \@twocolumnfalse
* \@twosidefalse
* \@mparswitchfalse
* \@reversemarginfalse
* (1in=72.27pt=25.4mm, 1cm=28.453pt)

\symgns@font=\mathgroup9
LaTeX Font Info:    Overwriting symbol font `gns@font' in version `bold'
(Font)                  TS1/LinuxLibertineT-TLF/m/n --> TS1/LinuxLibertineT-TLF
/bx/n on input line 72.
Package gensymb Info: Math companion symbols declared on input line 72.
LaTeX Info: Redefining \degree on input line 72.
LaTeX Info: Redefining \celsius on input line 72.
Package gensymb Info: Using text companion symbols for \degree, \celsius and \p
erthousand on input line 72.
LaTeX Info: Redefining \ohm on input line 72.
Package gensymb Info: Using \textohm for \ohm on input line 72.
Package gensymb Info: Using \textmu for \micro on input line 72.
(/usr/local/texlive/2016/texmf-dist/tex/context/base/mkii/supp-pdf.mkii
[Loading MPS to PDF converter (version 2006.09.02).]
\scratchcounter=\count135
\scratchdimen=\dimen157
\scratchbox=\box58
\nofMPsegments=\count136
\nofMParguments=\count137
\everyMPshowfont=\toks35
\MPscratchCnt=\count138
\MPscratchDim=\dimen158
\MPnumerator=\count139
\makeMPintoPDFobject=\count140
\everyMPtoPDFconversion=\toks36
) (/usr/local/texlive/2016/texmf-dist/tex/latex/oberdiek/epstopdf-base.sty
Package: epstopdf-base 2016/05/15 v2.6 Base part for package epstopdf

(/usr/local/texlive/2016/texmf-dist/tex/latex/oberdiek/grfext.sty
Package: grfext 2016/05/16 v1.2 Manage graphics extensions (HO)
)
Package epstopdf-base Info: Redefining graphics rule for `.eps' on input line 4
38.
Package grfext Info: Graphics extension search list:
(grfext)             [.pdf,.png,.jpg,.mps,.jpeg,.jbig2,.jb2,.PDF,.PNG,.JPG,.JPE
G,.JBIG2,.JB2,.eps]
(grfext)             \AppendGraphicsExtensions on input line 456.

(/usr/local/texlive/2016/texmf-dist/tex/latex/latexconfig/epstopdf-sys.cfg
File: epstopdf-sys.cfg 2010/07/13 v1.3 Configuration of (r)epstopdf for TeX Liv
e
))
\AtBeginShipoutBox=\box59
Package hyperref Info: Link coloring ON on input line 72.

(/usr/local/texlive/2016/texmf-dist/tex/latex/hyperref/nameref.sty
Package: nameref 2016/05/21 v2.44 Cross-referencing by name of section

(/usr/local/texlive/2016/texmf-dist/tex/generic/oberdiek/gettitlestring.sty
Package: gettitlestring 2016/05/16 v1.5 Cleanup title references (HO)
)
\c@section@level=\count141
)
LaTeX Info: Redefining \ref on input line 72.
LaTeX Info: Redefining \pageref on input line 72.
LaTeX Info: Redefining \nameref on input line 72.

(./LectureSummary.out) (./LectureSummary.out)
\@outlinefile=\write3
\openout3 = `LectureSummary.out'.

Package caption Info: Begin \AtBeginDocument code.
Package caption Info: End \AtBeginDocument code.
LaTeX Font Info:    Font shape `OT1/LinuxLibertineT-TLF/m/n' will be
(Font)              scaled to size 17.28pt on input line 74.
LaTeX Font Info:    Font shape `OT1/LinuxLibertineT-TLF/m/n' will be
(Font)              scaled to size 12.0pt on input line 74.
LaTeX Font Info:    Try loading font information for U+msa on input line 74.

(/usr/local/texlive/2016/texmf-dist/tex/latex/amsfonts/umsa.fd
File: umsa.fd 2013/01/14 v3.01 AMS symbols A
)
LaTeX Font Info:    Try loading font information for U+msb on input line 74.

(/usr/local/texlive/2016/texmf-dist/tex/latex/amsfonts/umsb.fd
File: umsb.fd 2013/01/14 v3.01 AMS symbols B
)
LaTeX Font Info:    Try loading font information for TS1+LinuxLibertineT-TLF on
 input line 74.

(/usr/local/texlive/2016/texmf-dist/tex/latex/libertine/TS1LinuxLibertineT-TLF.
fd
File: TS1LinuxLibertineT-TLF.fd 2017/03/20 (autoinst) Font definitions for TS1/
LinuxLibertineT-TLF.
)
LaTeX Font Info:    Font shape `TS1/LinuxLibertineT-TLF/m/n' will be
(Font)              scaled to size 12.0pt on input line 74.
LaTeX Font Info:    Font shape `TS1/LinuxLibertineT-TLF/m/n' will be
(Font)              scaled to size 8.0pt on input line 74.
LaTeX Font Info:    Font shape `TS1/LinuxLibertineT-TLF/m/n' will be
(Font)              scaled to size 6.0pt on input line 74.
LaTeX Font Info:    Font shape `OT1/LinuxLibertineT-TLF/m/n' will be
(Font)              scaled to size 14.4pt on input line 74.
LaTeX Font Info:    Font shape `OT1/LinuxLibertineT-TLF/b/n' will be
(Font)              scaled to size 14.4pt on input line 74.
LaTeX Font Info:    Font shape `OT1/LinuxLibertineT-TLF/b/n' will be
(Font)              scaled to size 10.95pt on input line 77.
LaTeX Font Info:    Font shape `U/ccicons/m/n' will be
(Font)              scaled to size 10.95pt on input line 89.
 [1

{/usr/local/texlive/2016/texmf-var/fonts/map/pdftex/updmap/pdftex.map}]
(./LectureSummary.toc
LaTeX Font Info:    Font shape `TS1/LinuxLibertineT-TLF/m/n' will be
(Font)              scaled to size 10.95pt on input line 5.
LaTeX Font Info:    Font shape `OT1/LinuxLibertineT-TLF/m/n' will be
(Font)              scaled to size 8.0pt on input line 5.
)
\tf@toc=\write4
\openout4 = `LectureSummary.toc'.

 [2]
LaTeX Font Info:    Font shape `OT1/LinuxLibertineT-TLF/m/n' will be
(Font)              scaled to size 6.0pt on input line 103.
 [3]
LaTeX Font Info:    Font shape `OT1/LinuxLibertineT-TLF/b/n' will be
(Font)              scaled to size 12.0pt on input line 132.
LaTeX Font Info:    Font shape `OT1/LinuxLibertineT-TLF/b/n' will be
(Font)              scaled to size 8.0pt on input line 132.


Package hyperref Warning: Token not allowed in a PDF string (PDFDocEncoding):
(hyperref)                removing `\mathsurround' on input line 132.


Package hyperref Warning: Token not allowed in a PDF string (PDFDocEncoding):
(hyperref)                removing `\z@' on input line 132.


Package hyperref Warning: Token not allowed in a PDF string (PDFDocEncoding):
(hyperref)                removing `superscript' on input line 132.

LaTeX Font Info:    Font shape `OT1/LinuxLibertineT-TLF/m/it' will be
(Font)              scaled to size 10.95pt on input line 137.
[4]

Package hyperref Warning: Token not allowed in a PDF string (PDFDocEncoding):
(hyperref)                removing `\mathsurround' on input line 143.


Package hyperref Warning: Token not allowed in a PDF string (PDFDocEncoding):
(hyperref)                removing `\z@' on input line 143.


Package hyperref Warning: Token not allowed in a PDF string (PDFDocEncoding):
(hyperref)                removing `superscript' on input line 143.


Package hyperref Warning: Token not allowed in a PDF string (PDFDocEncoding):
(hyperref)                removing `\mathsurround' on input line 161.


Package hyperref Warning: Token not allowed in a PDF string (PDFDocEncoding):
(hyperref)                removing `\z@' on input line 161.


Package hyperref Warning: Token not allowed in a PDF string (PDFDocEncoding):
(hyperref)                removing `superscript' on input line 161.

[5]
Package epstopdf Info: Source file: <./graphics/FBD_dot.eps>
(epstopdf)                    date: 2018-03-01 19:31:21
(epstopdf)                    size: 17943 bytes
(epstopdf)             Output file: <./graphics/FBD_dot-eps-converted-to.pdf>
(epstopdf)                    date: 2018-03-01 19:31:25
(epstopdf)                    size: 8037 bytes
(epstopdf)             Command: <repstopdf --outfile=./graphics/FBD_dot-eps-con
verted-to.pdf ./graphics/FBD_dot.eps>
(epstopdf)             \includegraphics on input line 181.
Package epstopdf Info: Output file is already uptodate.
<./graphics/FBD_dot-eps-converted-to.pdf, id=211, 177.66376pt x 211.79124pt>
File: ./graphics/FBD_dot-eps-converted-to.pdf Graphic file (type pdf)
<use ./graphics/FBD_dot-eps-converted-to.pdf>
Package pdftex.def Info: ./graphics/FBD_dot-eps-converted-to.pdf  used on input
 line 181.
(pdftex.def)             Requested size: 71.60371pt x 85.35826pt.
Package epstopdf Info: Source file: <./graphics/FBD_box.eps>
(epstopdf)                    date: 2018-03-01 19:32:12
(epstopdf)                    size: 17314 bytes
(epstopdf)             Output file: <./graphics/FBD_box-eps-converted-to.pdf>
(epstopdf)                    date: 2018-03-01 19:40:20
(epstopdf)                    size: 7846 bytes
(epstopdf)             Command: <repstopdf --outfile=./graphics/FBD_box-eps-con
verted-to.pdf ./graphics/FBD_box.eps>
(epstopdf)             \includegraphics on input line 185.
Package epstopdf Info: Output file is already uptodate.
<./graphics/FBD_box-eps-converted-to.pdf, id=212, 116.435pt x 174.6525pt>
File: ./graphics/FBD_box-eps-converted-to.pdf Graphic file (type pdf)
<use ./graphics/FBD_box-eps-converted-to.pdf>
Package pdftex.def Info: ./graphics/FBD_box-eps-converted-to.pdf  used on input
 line 185.
(pdftex.def)             Requested size: 56.90617pt x 85.35826pt.
LaTeX Font Info:    Font shape `OT1/LinuxLibertineT-TLF/b/it' will be
(Font)              scaled to size 10.95pt on input line 192.
Package epstopdf Info: Source file: <./graphics/slope.eps>
(epstopdf)                    date: 2018-02-25 16:50:20
(epstopdf)                    size: 30169 bytes
(epstopdf)             Output file: <./graphics/slope-eps-converted-to.pdf>
(epstopdf)                    date: 2018-02-25 16:50:50
(epstopdf)                    size: 12755 bytes
(epstopdf)             Command: <repstopdf --outfile=./graphics/slope-eps-conve
rted-to.pdf ./graphics/slope.eps>
(epstopdf)             \includegraphics on input line 196.
Package epstopdf Info: Output file is already uptodate.
<./graphics/slope-eps-converted-to.pdf, id=213, 255.95625pt x 164.615pt>
File: ./graphics/slope-eps-converted-to.pdf Graphic file (type pdf)
<use ./graphics/slope-eps-converted-to.pdf>
Package pdftex.def Info: ./graphics/slope-eps-converted-to.pdf  used on input l
ine 196.
(pdftex.def)             Requested size: 142.26378pt x 91.49553pt.
Package epstopdf Info: Source file: <./graphics/not_eqm.eps>
(epstopdf)                    date: 2018-03-01 19:35:58
(epstopdf)                    size: 8625 bytes
(epstopdf)             Output file: <./graphics/not_eqm-eps-converted-to.pdf>
(epstopdf)                    date: 2018-03-01 19:40:33
(epstopdf)                    size: 4592 bytes
(epstopdf)             Command: <repstopdf --outfile=./graphics/not_eqm-eps-con
verted-to.pdf ./graphics/not_eqm.eps>
(epstopdf)             \includegraphics on input line 208.
Package epstopdf Info: Output file is already uptodate.
<./graphics/not_eqm-eps-converted-to.pdf, id=214, 160.6pt x 174.6525pt>
File: ./graphics/not_eqm-eps-converted-to.pdf Graphic file (type pdf)
<use ./graphics/not_eqm-eps-converted-to.pdf>
Package pdftex.def Info: ./graphics/not_eqm-eps-converted-to.pdf  used on input
 line 208.
(pdftex.def)             Requested size: 56.9055pt x 61.88347pt.
 [6 <./graphics/FBD_dot-eps-converted-to.pdf> <./graphics/FBD_box-eps-converted
-to.pdf> <./graphics/slope-eps-converted-to.pdf> <./graphics/not_eqm-eps-conver
ted-to.pdf>]
Package epstopdf Info: Source file: <./graphics/system.eps>
(epstopdf)                    date: 2018-03-01 21:34:44
(epstopdf)                    size: 17867 bytes
(epstopdf)             Output file: <./graphics/system-eps-converted-to.pdf>
(epstopdf)                    date: 2018-03-01 21:34:45
(epstopdf)                    size: 8168 bytes
(epstopdf)             Command: <repstopdf --outfile=./graphics/system-eps-conv
erted-to.pdf ./graphics/system.eps>
(epstopdf)             \includegraphics on input line 237.
Package epstopdf Info: Output file is already uptodate.
<./graphics/system-eps-converted-to.pdf, id=233, 252.945pt x 143.53625pt>
File: ./graphics/system-eps-converted-to.pdf Graphic file (type pdf)
<use ./graphics/system-eps-converted-to.pdf>
Package pdftex.def Info: ./graphics/system-eps-converted-to.pdf  used on input 
line 237.
(pdftex.def)             Requested size: 142.26378pt x 80.73016pt.
 [7 <./graphics/system-eps-converted-to.pdf>]
Package epstopdf Info: Source file: <./graphics/springs.eps>
(epstopdf)                    date: 2018-03-03 23:39:51
(epstopdf)                    size: 43096 bytes
(epstopdf)             Output file: <./graphics/springs-eps-converted-to.pdf>
(epstopdf)                    date: 2018-03-03 23:39:54
(epstopdf)                    size: 15959 bytes
(epstopdf)             Command: <repstopdf --outfile=./graphics/springs-eps-con
verted-to.pdf ./graphics/springs.eps>
(epstopdf)             \includegraphics on input line 262.
Package epstopdf Info: Output file is already uptodate.
<./graphics/springs-eps-converted-to.pdf, id=242, 268.00125pt x 84.315pt>
File: ./graphics/springs-eps-converted-to.pdf Graphic file (type pdf)
<use ./graphics/springs-eps-converted-to.pdf>
Package pdftex.def Info: ./graphics/springs-eps-converted-to.pdf  used on input
 line 262.
(pdftex.def)             Requested size: 226.10095pt x 71.13188pt.
 [8 <./graphics/springs-eps-converted-to.pdf>]
Package epstopdf Info: Source file: <./graphics/springbalance.eps>
(epstopdf)                    date: 2018-03-04 00:11:06
(epstopdf)                    size: 7305 bytes
(epstopdf)             Output file: <./graphics/springbalance-eps-converted-to.
pdf>
(epstopdf)                    date: 2018-03-04 00:11:51
(epstopdf)                    size: 4241 bytes
(epstopdf)             Command: <repstopdf --outfile=./graphics/springbalance-e
ps-converted-to.pdf ./graphics/springbalance.eps>
(epstopdf)             \includegraphics on input line 284.
Package epstopdf Info: Output file is already uptodate.
<./graphics/springbalance-eps-converted-to.pdf, id=251, 453.695pt x 116.435pt>
File: ./graphics/springbalance-eps-converted-to.pdf Graphic file (type pdf)
<use ./graphics/springbalance-eps-converted-to.pdf>
Package pdftex.def Info: ./graphics/springbalance-eps-converted-to.pdf  used on
 input line 284.
(pdftex.def)             Requested size: 166.29996pt x 42.67912pt.
Package epstopdf Info: Source file: <./graphics/pulley.eps>
(epstopdf)                    date: 2018-03-01 22:03:36
(epstopdf)                    size: 20722 bytes
(epstopdf)             Output file: <./graphics/pulley-eps-converted-to.pdf>
(epstopdf)                    date: 2018-03-01 22:04:15
(epstopdf)                    size: 8957 bytes
(epstopdf)             Command: <repstopdf --outfile=./graphics/pulley-eps-conv
erted-to.pdf ./graphics/pulley.eps>
(epstopdf)             \includegraphics on input line 297.
Package epstopdf Info: Output file is already uptodate.
<./graphics/pulley-eps-converted-to.pdf, id=252, 152.57pt x 81.30376pt>
File: ./graphics/pulley-eps-converted-to.pdf Graphic file (type pdf)
<use ./graphics/pulley-eps-converted-to.pdf>
Package pdftex.def Info: ./graphics/pulley-eps-converted-to.pdf  used on input 
line 297.
(pdftex.def)             Requested size: 154.85109pt x 82.51282pt.


Package caption Warning: The option `hypcap=true' will be ignored for this
(caption)                particular \caption on input line 298.
See the caption package documentation for explanation.

Package epstopdf Info: Source file: <./graphics/pulley2.eps>
(epstopdf)                    date: 2018-03-01 22:34:46
(epstopdf)                    size: 16486 bytes
(epstopdf)             Output file: <./graphics/pulley2-eps-converted-to.pdf>
(epstopdf)                    date: 2018-03-01 22:34:49
(epstopdf)                    size: 7840 bytes
(epstopdf)             Command: <repstopdf --outfile=./graphics/pulley2-eps-con
verted-to.pdf ./graphics/pulley2.eps>
(epstopdf)             \includegraphics on input line 303.
Package epstopdf Info: Output file is already uptodate.
<./graphics/pulley2-eps-converted-to.pdf, id=253, 120.45pt x 322.20375pt>
File: ./graphics/pulley2-eps-converted-to.pdf Graphic file (type pdf)
<use ./graphics/pulley2-eps-converted-to.pdf>
Package pdftex.def Info: ./graphics/pulley2-eps-converted-to.pdf  used on input
 line 303.
(pdftex.def)             Requested size: 30.84575pt x 82.51282pt.

Package caption Warning: The option `hypcap=true' will be ignored for this
(caption)                particular \caption on input line 304.
See the caption package documentation for explanation.

Package epstopdf Info: Source file: <./graphics/movablepulley.eps>
(epstopdf)                    date: 2018-03-04 00:43:53
(epstopdf)                    size: 23640 bytes
(epstopdf)             Output file: <./graphics/movablepulley-eps-converted-to.
pdf>
(epstopdf)                    date: 2018-03-04 00:44:02
(epstopdf)                    size: 10140 bytes
(epstopdf)             Command: <repstopdf --outfile=./graphics/movablepulley-e
ps-converted-to.pdf ./graphics/movablepulley.eps>
(epstopdf)             \includegraphics on input line 311.
Package epstopdf Info: Output file is already uptodate.
<./graphics/movablepulley-eps-converted-to.pdf, id=254, 136.51pt x 254.9525pt>
File: ./graphics/movablepulley-eps-converted-to.pdf Graphic file (type pdf)
<use ./graphics/movablepulley-eps-converted-to.pdf>
Package pdftex.def Info: ./graphics/movablepulley-eps-converted-to.pdf  used on
 input line 311.
(pdftex.def)             Requested size: 71.13188pt x 132.84837pt.
[9 <./graphics/springbalance-eps-converted-to.pdf> <./graphics/pulley-eps-conve
rted-to.pdf> <./graphics/pulley2-eps-converted-to.pdf> <./graphics/movablepulle
y-eps-converted-to.pdf>]
Package epstopdf Info: Source file: <./graphics/elevator.eps>
(epstopdf)                    date: 2018-03-03 07:51:42
(epstopdf)                    size: 10453 bytes
(epstopdf)             Output file: <./graphics/elevator-eps-converted-to.pdf>
(epstopdf)                    date: 2018-03-03 07:52:56
(epstopdf)                    size: 5373 bytes
(epstopdf)             Command: <repstopdf --outfile=./graphics/elevator-eps-co
nverted-to.pdf ./graphics/elevator.eps>
(epstopdf)             \includegraphics on input line 360.
Package epstopdf Info: Output file is already uptodate.
<./graphics/elevator-eps-converted-to.pdf, id=277, 179.67125pt x 151.56625pt>
File: ./graphics/elevator-eps-converted-to.pdf Graphic file (type pdf)
<use ./graphics/elevator-eps-converted-to.pdf>
Package pdftex.def Info: ./graphics/elevator-eps-converted-to.pdf  used on inpu
t line 360.
(pdftex.def)             Requested size: 113.81102pt x 96.0099pt.
 [10] [11 <./graphics/elevator-eps-converted-to.pdf>]
[12]
LaTeX Font Info:    Font shape `OT1/LinuxLibertineT-TLF/m/n' will be
(Font)              scaled to size 9.0pt on input line 440.
LaTeX Font Info:    Font shape `TS1/LinuxLibertineT-TLF/m/n' will be
(Font)              scaled to size 9.0pt on input line 440.
LaTeX Font Info:    Font shape `TS1/LinuxLibertineT-TLF/m/n' will be
(Font)              scaled to size 5.0pt on input line 440.
 [13] [14]
LaTeX Font Info:    Font shape `OT1/LinuxLibertineT-TLF/m/n' will be
(Font)              scaled to size 20.74pt on input line 476.
LaTeX Font Info:    Font shape `OT1/LinuxLibertineT-TLF/b/n' will be
(Font)              scaled to size 20.74pt on input line 476.
LaTeX Font Info:    Font shape `TS1/LinuxLibertineT-TLF/m/n' will be
(Font)              scaled to size 14.4pt on input line 478.
LaTeX Font Info:    Font shape `TS1/LinuxLibertineT-TLF/m/n' will be
(Font)              scaled to size 10.0pt on input line 478.
LaTeX Font Info:    Font shape `TS1/LinuxLibertineT-TLF/m/n' will be
(Font)              scaled to size 7.0pt on input line 478.
LaTeX Font Info:    Font shape `OT1/LinuxLibertineT-TLF/b/n' will be
(Font)              scaled to size 10.0pt on input line 478.


Package hyperref Warning: Token not allowed in a PDF string (PDFDocEncoding):
(hyperref)                removing `\mathsurround' on input line 478.


Package hyperref Warning: Token not allowed in a PDF string (PDFDocEncoding):
(hyperref)                removing `\z@' on input line 478.


Package hyperref Warning: Token not allowed in a PDF string (PDFDocEncoding):
(hyperref)                removing `superscript' on input line 478.


Package hyperref Warning: Token not allowed in a PDF string (PDFDocEncoding):
(hyperref)                removing `\mathsurround' on input line 478.


Package hyperref Warning: Token not allowed in a PDF string (PDFDocEncoding):
(hyperref)                removing `\z@' on input line 478.


Package hyperref Warning: Token not allowed in a PDF string (PDFDocEncoding):
(hyperref)                removing `superscript' on input line 478.

[15]
Package epstopdf Info: Source file: <./graphics/barometer.eps>
(epstopdf)                    date: 2018-03-04 10:14:00
(epstopdf)                    size: 32853 bytes
(epstopdf)             Output file: <./graphics/barometer-eps-converted-to.pdf>

(epstopdf)                    date: 2018-03-04 10:26:29
(epstopdf)                    size: 12985 bytes
(epstopdf)             Command: <repstopdf --outfile=./graphics/barometer-eps-c
onverted-to.pdf ./graphics/barometer.eps>
(epstopdf)             \includegraphics on input line 526.
Package epstopdf Info: Output file is already uptodate.
<./graphics/barometer-eps-converted-to.pdf, id=330, 346.29375pt x 255.95625pt>
File: ./graphics/barometer-eps-converted-to.pdf Graphic file (type pdf)
<use ./graphics/barometer-eps-converted-to.pdf>
Package pdftex.def Info: ./graphics/barometer-eps-converted-to.pdf  used on inp
ut line 526.
(pdftex.def)             Requested size: 128.0374pt x 94.63593pt.

Underfull \hbox (badness 1067) in paragraph at lines 527--527
[]\OT1/LinuxLibertineT-TLF/m/n/10.95 Figure B.1: |A manome-ter that
 []

[16 <./graphics/barometer-eps-converted-to.pdf>]
Package epstopdf Info: Source file: <./graphics/hydraulic.eps>
(epstopdf)                    date: 2018-03-04 10:49:16
(epstopdf)                    size: 8221 bytes
(epstopdf)             Output file: <./graphics/hydraulic-eps-converted-to.pdf>

(epstopdf)                    date: 2018-03-04 10:50:12
(epstopdf)                    size: 4681 bytes
(epstopdf)             Command: <repstopdf --outfile=./graphics/hydraulic-eps-c
onverted-to.pdf ./graphics/hydraulic.eps>
(epstopdf)             \includegraphics on input line 546.
Package epstopdf Info: Output file is already uptodate.
<./graphics/hydraulic-eps-converted-to.pdf, id=340, 76.285pt x 70.2625pt>
File: ./graphics/hydraulic-eps-converted-to.pdf Graphic file (type pdf)
<use ./graphics/hydraulic-eps-converted-to.pdf>
Package pdftex.def Info: ./graphics/hydraulic-eps-converted-to.pdf  used on inp
ut line 546.
(pdftex.def)             Requested size: 85.35826pt x 78.62268pt.
Package epstopdf Info: Source file: <./graphics/upthrust.eps>
(epstopdf)                    date: 2018-03-04 15:52:02
(epstopdf)                    size: 20600 bytes
(epstopdf)             Output file: <./graphics/upthrust-eps-converted-to.pdf>
(epstopdf)                    date: 2018-03-04 15:52:23
(epstopdf)                    size: 8934 bytes
(epstopdf)             Command: <repstopdf --outfile=./graphics/upthrust-eps-co
nverted-to.pdf ./graphics/upthrust.eps>
(epstopdf)             \includegraphics on input line 562.
Package epstopdf Info: Output file is already uptodate.
<./graphics/upthrust-eps-converted-to.pdf, id=342, 91.34125pt x 71.26625pt>
File: ./graphics/upthrust-eps-converted-to.pdf Graphic file (type pdf)
<use ./graphics/upthrust-eps-converted-to.pdf>
Package pdftex.def Info: ./graphics/upthrust-eps-converted-to.pdf  used on inpu
t line 562.
(pdftex.def)             Requested size: 113.81102pt x 88.802pt.
Package atveryend Info: Empty hook `BeforeClearDocument' on input line 579.
 [17 <./graphics/hydraulic-eps-converted-to.pdf> <./graphics/upthrust-eps-conve
rted-to.pdf>]
Package atveryend Info: Empty hook `AfterLastShipout' on input line 579.

(./LectureSummary.aux)
Package atveryend Info: Executing hook `AtVeryEndDocument' on input line 579.
Package atveryend Info: Executing hook `AtEndAfterFileList' on input line 579.
Package rerunfilecheck Info: File `LectureSummary.out' has not changed.
(rerunfilecheck)             Checksum: D0633206174948851E5B92296E92DD15;2334.
Package atveryend Info: Empty hook `AtVeryVeryEnd' on input line 579.
 ) 
Here is how much of TeX's memory you used:
 11501 strings out of 494830
 178743 string characters out of 6176843
 270264 words of memory out of 5000000
 14495 multiletter control sequences out of 15000+600000
 53129 words of font info for 126 fonts, out of 8000000 for 9000
 36 hyphenation exceptions out of 8191
 53i,19n,92p,647b,450s stack positions out of 5000i,500n,10000p,200000b,80000s
{/usr/local/texlive/2016/texmf-dist/fonts/enc/dvips/libertine/lbtn_naooyc.enc
}{/usr/local/texlive/2016/texmf-dist/fonts/enc/dvips/libertine/lbtn_ks2ukx.enc}
{/usr/local/texlive/2016/texmf-dist/fonts/enc/dvips/libertine/lbtn_kijugd.enc}{
/usr/local/texlive/2016/texmf-dist/fonts/enc/dvips/libertine/lbtn_lyu3x3.enc}{/
usr/local/texlive/2016/texmf-dist/fonts/enc/dvips/libertine/lbtn_oexx6f.enc}</u
sr/local/texlive/2016/texmf-dist/fonts/type1/public/libertine/LinLibertineT.pfb
></usr/local/texlive/2016/texmf-dist/fonts/type1/public/libertine/LinLibertineT
B.pfb></usr/local/texlive/2016/texmf-dist/fonts/type1/public/libertine/LinLiber
tineTBI.pfb></usr/local/texlive/2016/texmf-dist/fonts/type1/public/libertine/Li
nLibertineTI.pfb></usr/local/texlive/2016/texmf-dist/fonts/type1/public/ccicons
/ccicons.pfb></usr/local/texlive/2016/texmf-dist/fonts/type1/public/amsfonts/cm
/cmex10.pfb></usr/local/texlive/2016/texmf-dist/fonts/type1/public/amsfonts/cm/
cmmi10.pfb></usr/local/texlive/2016/texmf-dist/fonts/type1/public/amsfonts/cm/c
mmi8.pfb></usr/local/texlive/2016/texmf-dist/fonts/type1/public/amsfonts/cm/cmm
i9.pfb></usr/local/texlive/2016/texmf-dist/fonts/type1/public/amsfonts/cm/cmr10
.pfb></usr/local/texlive/2016/texmf-dist/fonts/type1/public/amsfonts/cm/cmr6.pf
b></usr/local/texlive/2016/texmf-dist/fonts/type1/public/amsfonts/cm/cmr8.pfb><
/usr/local/texlive/2016/texmf-dist/fonts/type1/public/amsfonts/cm/cmsy10.pfb></
usr/local/texlive/2016/texmf-dist/fonts/type1/public/amsfonts/cm/cmsy8.pfb></us
r/local/texlive/2016/texmf-dist/fonts/type1/public/amsfonts/latxfont/line10.pfb
>
Output written on LectureSummary.pdf (17 pages, 511801 bytes).
PDF statistics:
 431 PDF objects out of 1000 (max. 8388607)
 378 compressed objects within 4 object streams
 88 named destinations out of 1000 (max. 500000)
 335 words of extra memory for PDF output out of 10000 (max. 10000000)

